mode: atomic
code.byted.org/lyuzizheng/playground/stresstest/test_encryptor.go:11.26,13.3 1 0
code.byted.org/lyuzizheng/playground/stresstest/test_encryptor.go:24.50,35.18 6 0
code.byted.org/lyuzizheng/playground/stresstest/test_encryptor.go:35.18,37.3 1 0
code.byted.org/lyuzizheng/playground/stresstest/test_encryptor.go:38.2,39.18 2 0
code.byted.org/lyuzizheng/playground/stresstest/test_encryptor.go:39.18,41.3 1 0
code.byted.org/lyuzizheng/playground/stresstest/test_encryptor.go:44.2,45.23 2 0
code.byted.org/lyuzizheng/playground/stresstest/test_encryptor.go:49.43,53.18 4 0
code.byted.org/lyuzizheng/playground/stresstest/test_encryptor.go:53.18,55.3 1 0
code.byted.org/lyuzizheng/playground/stresstest/test_encryptor.go:56.2,57.18 2 0
code.byted.org/lyuzizheng/playground/stresstest/test_encryptor.go:57.18,59.3 1 0
code.byted.org/lyuzizheng/playground/stresstest/test_encryptor.go:61.2,61.19 1 0
code.byted.org/lyuzizheng/playground/stresstest/test_encryptor.go:65.26,67.3 1 0
code.byted.org/lyuzizheng/playground/stresstest/test_encryptor.go:70.52,75.16 5 0
code.byted.org/lyuzizheng/playground/stresstest/test_encryptor.go:75.16,77.3 1 0
code.byted.org/lyuzizheng/playground/stresstest/test_encryptor.go:78.2,79.16 2 0
code.byted.org/lyuzizheng/playground/stresstest/test_encryptor.go:79.16,81.3 1 0
code.byted.org/lyuzizheng/playground/stresstest/test_encryptor.go:82.2,84.20 3 0
code.byted.org/lyuzizheng/playground/stresstest/test_encryptor.go:89.27,91.4 1 0
code.byted.org/lyuzizheng/playground/stresstest/test_encryptor.go:94.27,96.4 1 0
code.byted.org/lyuzizheng/playground/stresstest/test_encryptor.go:100.55,106.16 6 0
code.byted.org/lyuzizheng/playground/stresstest/test_encryptor.go:106.16,108.3 1 0
code.byted.org/lyuzizheng/playground/stresstest/test_encryptor.go:109.2,110.16 2 0
code.byted.org/lyuzizheng/playground/stresstest/test_encryptor.go:110.16,112.3 1 0
code.byted.org/lyuzizheng/playground/stresstest/test_encryptor.go:113.2,117.28 5 0
